{"numFailedTestSuites":0,"numFailedTests":0,"numPassedTestSuites":5,"numPassedTests":9,"numPendingTestSuites":0,"numPendingTests":0,"numRuntimeErrorTestSuites":0,"numTodoTests":0,"numTotalTestSuites":5,"numTotalTests":9,"openHandles":[],"snapshot":{"added":0,"didUpdate":false,"failure":false,"filesAdded":0,"filesRemoved":0,"filesRemovedList":[],"filesUnmatched":0,"filesUpdated":0,"matched":0,"total":0,"unchecked":0,"uncheckedKeysByFile":[],"unmatched":0,"updated":0},"startTime":1753509088592,"success":true,"testResults":[{"assertionResults":[{"ancestorTitles":["StudentExamList"],"failureMessages":[],"fullName":"StudentExamList fetches and displays exams","location":null,"status":"passed","title":"fetches and displays exams"},{"ancestorTitles":["StudentExamList"],"failureMessages":[],"fullName":"StudentExamList shows error on API fail","location":null,"status":"passed","title":"shows error on API fail"}],"endTime":1753509093558,"message":"","name":"/home/coder/project/workspace/question_generation_service/solutions/6a40c2a0-b5f8-410b-9902-ca6b385ffe42/reactapp/src/components/StudentExamList.test.js","startTime":1753509090470,"status":"passed","summary":""},{"assertionResults":[{"ancestorTitles":["TeacherDashboard"],"failureMessages":[],"fullName":"TeacherDashboard renders exams with controls","location":null,"status":"passed","title":"renders exams with controls"},{"ancestorTitles":["TeacherDashboard"],"failureMessages":[],"fullName":"TeacherDashboard shows error on API error","location":null,"status":"passed","title":"shows error on API error"}],"endTime":1753509094802,"message":"","name":"/home/coder/project/workspace/question_generation_service/solutions/6a40c2a0-b5f8-410b-9902-ca6b385ffe42/reactapp/src/components/TeacherDashboard.test.js","startTime":1753509091134,"status":"passed","summary":""},{"assertionResults":[{"ancestorTitles":["ExamInterface"],"failureMessages":[],"fullName":"ExamInterface renders questions and navigates","location":null,"status":"passed","title":"renders questions and navigates"},{"ancestorTitles":["ExamInterface"],"failureMessages":[],"fullName":"ExamInterface selects answer and submits","location":null,"status":"passed","title":"selects answer and submits"}],"endTime":1753509094856,"message":"","name":"/home/coder/project/workspace/question_generation_service/solutions/6a40c2a0-b5f8-410b-9902-ca6b385ffe42/reactapp/src/components/ExamInterface.test.js","startTime":1753509093600,"status":"passed","summary":""},{"assertionResults":[{"ancestorTitles":["ExamCreator"],"failureMessages":[],"fullName":"ExamCreator validates form input and triggers API when adding a question to a created exam","location":null,"status":"passed","title":"validates form input and triggers API when adding a question to a created exam"}],"endTime":1753509094907,"message":"","name":"/home/coder/project/workspace/question_generation_service/solutions/6a40c2a0-b5f8-410b-9902-ca6b385ffe42/reactapp/src/components/ExamCreator.test.js","startTime":1753509090590,"status":"passed","summary":""},{"assertionResults":[{"ancestorTitles":["ExamResults"],"failureMessages":[],"fullName":"ExamResults renders exam results with correct data","location":null,"status":"passed","title":"renders exam results with correct data"},{"ancestorTitles":["ExamResults"],"failureMessages":[],"fullName":"ExamResults shows error if API fails","location":null,"status":"passed","title":"shows error if API fails"}],"endTime":1753509095505,"message":"","name":"/home/coder/project/workspace/question_generation_service/solutions/6a40c2a0-b5f8-410b-9902-ca6b385ffe42/reactapp/src/components/ExamResults.test.js","startTime":1753509094884,"status":"passed","summary":""}],"wasInterrupted":false}